<?xml version="1.0" encoding="UTF-8"?>
<testsuite xmlns:xsi="http://www.w3.org/2001/XMLSchema-instance" xsi:noNamespaceSchemaLocation="https://maven.apache.org/surefire/maven-surefire-plugin/xsd/surefire-test-report.xsd" name="miw.apaw.CaptainTest" time="0.021" tests="6" errors="0" skipped="0" failures="0">
  <properties>
[...]
</properties>
  <testcase name="testGetEmail" classname="miw.apaw.CaptainTest" time="0.009"/>
  <testcase name="testGetId" classname="miw.apaw.CaptainTest" time="0"/>
  <testcase name="testSetId" classname="miw.apaw.CaptainTest" time="0"/>
  <testcase name="testGetName" classname="miw.apaw.CaptainTest" time="0"/>
  <testcase name="testSetName" classname="miw.apaw.CaptainTest" time="0"/>
  <testcase name="testSetEmail" classname="miw.apaw.CaptainTest" time="0"/>
</testsuite>